<?xml version="1.0" encoding="UTF-8"?>
<testng-results skipped="0" failed="0" ignored="0" total="2" passed="2">
  <reporter-output>
  </reporter-output>
  <suite name="Default suite" duration-ms="39310" started-at="2020-05-16T05:19:33 IST" finished-at="2020-05-16T05:20:12 IST">
    <groups>
    </groups>
    <test name="Default test" duration-ms="39310" started-at="2020-05-16T05:19:33 IST" finished-at="2020-05-16T05:20:12 IST">
      <class name="com.sfmc.execution.PracticePageTest">
        <test-method status="PASS" signature="launchApp()[pri:0, instance:com.sfmc.execution.PracticePageTest@2663d3]" name="launchApp" is-config="true" duration-ms="10313" started-at="2020-05-16T05:19:33 IST" finished-at="2020-05-16T05:19:44 IST">
          <reporter-output>
          </reporter-output>
        </test-method> <!-- launchApp -->
        <test-method status="PASS" signature="enterdata()[pri:0, instance:com.sfmc.execution.PracticePageTest@2663d3]" name="enterdata" duration-ms="6927" started-at="2020-05-16T05:19:44 IST" finished-at="2020-05-16T05:19:50 IST">
          <reporter-output>
          </reporter-output>
        </test-method> <!-- enterdata -->
        <test-method status="PASS" signature="launchApp()[pri:0, instance:com.sfmc.execution.PracticePageTest@2663d3]" name="launchApp" is-config="true" duration-ms="14587" started-at="2020-05-16T05:19:51 IST" finished-at="2020-05-16T05:20:05 IST">
          <reporter-output>
          </reporter-output>
        </test-method> <!-- launchApp -->
        <test-method status="PASS" signature="clickbutton()[pri:1, instance:com.sfmc.execution.PracticePageTest@2663d3]" name="clickbutton" duration-ms="6187" started-at="2020-05-16T05:20:05 IST" finished-at="2020-05-16T05:20:11 IST">
          <reporter-output>
          </reporter-output>
        </test-method> <!-- clickbutton -->
        <test-method status="PASS" signature="closeApp()[pri:0, instance:com.sfmc.execution.PracticePageTest@2663d3]" name="closeApp" is-config="true" duration-ms="1177" started-at="2020-05-16T05:20:11 IST" finished-at="2020-05-16T05:20:12 IST">
          <reporter-output>
          </reporter-output>
        </test-method> <!-- closeApp -->
      </class> <!-- com.sfmc.execution.PracticePageTest -->
    </test> <!-- Default test -->
  </suite> <!-- Default suite -->
</testng-results>
